<?xml version="1.0" encoding="utf-8"?><testsuites><testsuite name="pytest" errors="0" failures="1" skipped="1" tests="20" time="29.499" timestamp="2023-11-28T13:47:07.061109" hostname="FM70R4W0XG"><testcase classname="tests.test_flexilims" name="test_token" time="0.300" /><testcase classname="tests.test_flexilims" name="test_update_token" time="0.748" /><testcase classname="tests.test_flexilims" name="test_session_creation" time="0.907" /><testcase classname="tests.test_flexilims" name="test_safe_execute" time="1.082" /><testcase classname="tests.test_flexilims" name="test_unvalid_request" time="0.555" /><testcase classname="tests.test_flexilims" name="test_get_req" time="5.457" /><testcase classname="tests.test_flexilims" name="test_get_error" time="1.090" /><testcase classname="tests.test_flexilims" name="test_get_children" time="1.047" /><testcase classname="tests.test_flexilims" name="test_get_children_error" time="0.476" /><testcase classname="tests.test_flexilims" name="test_get_project_info" time="0.285" /><testcase classname="tests.test_flexilims" name="test_update_one_errors" time="1.455" /><testcase classname="tests.test_flexilims" name="test_update_one" time="1.930" /><testcase classname="tests.test_flexilims" name="test_update_many_req" time="3.408" /><testcase classname="tests.test_flexilims" name="test_post_req" time="1.833" /><testcase classname="tests.test_flexilims" name="test_post_null" time="0.801" /><testcase classname="tests.test_flexilims" name="test_post_error" time="2.018" /><testcase classname="tests.test_flexilims" name="test_delete" time="2.190" /><testcase classname="tests.test_offline" name="test_download_database" time="0.000"><skipped type="pytest.skip" message="need --runslow option to run">/Users/blota/Documents/code/flexilims/tests/test_offline.py:14: need --runslow option to run</skipped></testcase><testcase classname="tests.test_offline" name="test_format_df" time="0.005"><failure message="FileNotFoundError: [Errno 2] No such file or directory: '/Volumes/lab-znamenskiyp/home/shared/projects/hey2_3d-vision_foodres_20220101/flexlims_json_version.yml'">def test_format_df():
        import pandas as pd
        from flexilims.offline import OffFlexilims
    
&gt;       sess = OffFlexilims(JSON_FILE)

tests/test_offline.py:44: 
_ _ _ _ _ _ _ _ _ _ _ _ _ _ _ _ _ _ _ _ _ _ _ _ _ _ _ _ _ _ _ _ _ _ _ _ _ _ _ _ _ _ _ _ _ _ _ _ _ _ _ _ _ _ _ _ _ _ _ _ _ _ _ _ _ _ _ _ _ _ _ _ _ _ _ _ _ _ _ _ _ _ _ _ _ _ _ _ _ _ _ _ _ _ _ _ _ _ _ _ _ _ _ _ _ _ _ _ _ _ _ _ _ _ _ _ _ _ _ _ _ _ _ _ _ _ _ _ _ _ _ _ _ _ _ _ _ _ 
flexilims/offline.py:25: in __init__
    self.json_file = json_file
_ _ _ _ _ _ _ _ _ _ _ _ _ _ _ _ _ _ _ _ _ _ _ _ _ _ _ _ _ _ _ _ _ _ _ _ _ _ _ _ _ _ _ _ _ _ _ _ _ _ _ _ _ _ _ _ _ _ _ _ _ _ _ _ _ _ _ _ _ _ _ _ _ _ _ _ _ _ _ _ _ _ _ _ _ _ _ _ _ _ _ _ _ _ _ _ _ _ _ _ _ _ _ _ _ _ _ _ _ _ _ _ _ _ _ _ _ _ _ _ _ _ _ _ _ _ _ _ _ _ _ _ _ _ _ _ _ _ 

self = &lt;flexilims.offline.OffFlexilims object at 0x15ea29f70&gt;, value = '/Volumes/lab-znamenskiyp/home/shared/projects/hey2_3d-vision_foodres_20220101/flexlims_json_version.yml'

    @json_file.setter
    def json_file(self, value):
        self._json_file = value
&gt;       with open(self._json_file) as f:
E       FileNotFoundError: [Errno 2] No such file or directory: '/Volumes/lab-znamenskiyp/home/shared/projects/hey2_3d-vision_foodres_20220101/flexlims_json_version.yml'

flexilims/offline.py:35: FileNotFoundError</failure></testcase><testcase classname="tests.test_tempyiran" name="test_500" time="3.472" /></testsuite></testsuites>
