<?xml version="1.0" encoding="utf-8"?><testsuites><testsuite name="pytest" errors="0" failures="0" skipped="0" tests="16" time="41.490" timestamp="2023-05-19T12:36:14.176696" hostname="FM70R4W0XG"><testcase classname="tests.test_flexilims" name="test_token" time="0.139" /><testcase classname="tests.test_flexilims" name="test_session_creation" time="0.313" /><testcase classname="tests.test_flexilims" name="test_unvalid_request" time="0.207" /><testcase classname="tests.test_flexilims" name="test_get_req" time="6.225" /><testcase classname="tests.test_flexilims" name="test_get_error" time="0.305" /><testcase classname="tests.test_flexilims" name="test_get_children" time="0.739" /><testcase classname="tests.test_flexilims" name="test_get_children_error" time="0.190" /><testcase classname="tests.test_flexilims" name="test_get_project_info" time="0.259" /><testcase classname="tests.test_flexilims" name="test_update_one_errors" time="1.040" /><testcase classname="tests.test_flexilims" name="test_update_one" time="1.567" /><testcase classname="tests.test_flexilims" name="test_update_many_req" time="7.347" /><testcase classname="tests.test_flexilims" name="test_post_req" time="1.243" /><testcase classname="tests.test_flexilims" name="test_post_null" time="0.696" /><testcase classname="tests.test_flexilims" name="test_post_error" time="0.462" /><testcase classname="tests.test_flexilims" name="test_delete" time="1.594" /><testcase classname="tests.test_offline" name="test_download_database" time="18.566" /></testsuite></testsuites>